Determining if the pthread_create exist failed with the following output:
Change Dir: /home/6im2/ejarcet/OpenGL/glTF-VIEWER-ROOT/gltf-viewer/CMakeFiles/CMakeTmp

Run Build Command:"/usr/bin/make" "cmTC_d5256/fast"
/usr/bin/make -f CMakeFiles/cmTC_d5256.dir/build.make CMakeFiles/cmTC_d5256.dir/build
make[1] : on entre dans le répertoire « /home/6im2/ejarcet/OpenGL/glTF-VIEWER-ROOT/gltf-viewer/CMakeFiles/CMakeTmp »
Building C object CMakeFiles/cmTC_d5256.dir/CheckSymbolExists.c.o
/usr/bin/cc     -o CMakeFiles/cmTC_d5256.dir/CheckSymbolExists.c.o   -c /home/6im2/ejarcet/OpenGL/glTF-VIEWER-ROOT/gltf-viewer/CMakeFiles/CMakeTmp/CheckSymbolExists.c
Linking C executable cmTC_d5256
/usr/bin/cmake -E cmake_link_script CMakeFiles/cmTC_d5256.dir/link.txt --verbose=1
/usr/bin/cc       CMakeFiles/cmTC_d5256.dir/CheckSymbolExists.c.o  -o cmTC_d5256 -rdynamic 
CMakeFiles/cmTC_d5256.dir/CheckSymbolExists.c.o : Dans la fonction « main » :
CheckSymbolExists.c:(.text+0x1b) : référence indéfinie vers « pthread_create »
collect2: error: ld returned 1 exit status
CMakeFiles/cmTC_d5256.dir/build.make:97 : la recette pour la cible « cmTC_d5256 » a échouée
make[1]: *** [cmTC_d5256] Erreur 1
make[1] : on quitte le répertoire « /home/6im2/ejarcet/OpenGL/glTF-VIEWER-ROOT/gltf-viewer/CMakeFiles/CMakeTmp »
Makefile:126 : la recette pour la cible « cmTC_d5256/fast » a échouée
make: *** [cmTC_d5256/fast] Erreur 2

File /home/6im2/ejarcet/OpenGL/glTF-VIEWER-ROOT/gltf-viewer/CMakeFiles/CMakeTmp/CheckSymbolExists.c:
/* */
#include <pthread.h>

int main(int argc, char** argv)
{
  (void)argv;
#ifndef pthread_create
  return ((int*)(&pthread_create))[argc];
#else
  (void)argc;
  return 0;
#endif
}

Determining if the function pthread_create exists in the pthreads failed with the following output:
Change Dir: /home/6im2/ejarcet/OpenGL/glTF-VIEWER-ROOT/gltf-viewer/CMakeFiles/CMakeTmp

Run Build Command:"/usr/bin/make" "cmTC_e2206/fast"
/usr/bin/make -f CMakeFiles/cmTC_e2206.dir/build.make CMakeFiles/cmTC_e2206.dir/build
make[1] : on entre dans le répertoire « /home/6im2/ejarcet/OpenGL/glTF-VIEWER-ROOT/gltf-viewer/CMakeFiles/CMakeTmp »
Building C object CMakeFiles/cmTC_e2206.dir/CheckFunctionExists.c.o
/usr/bin/cc    -DCHECK_FUNCTION_EXISTS=pthread_create   -o CMakeFiles/cmTC_e2206.dir/CheckFunctionExists.c.o   -c /usr/share/cmake-3.7/Modules/CheckFunctionExists.c
Linking C executable cmTC_e2206
/usr/bin/cmake -E cmake_link_script CMakeFiles/cmTC_e2206.dir/link.txt --verbose=1
/usr/bin/cc   -DCHECK_FUNCTION_EXISTS=pthread_create    CMakeFiles/cmTC_e2206.dir/CheckFunctionExists.c.o  -o cmTC_e2206 -rdynamic -lpthreads 
/usr/bin/ld : ne peut trouver -lpthreads
collect2: error: ld returned 1 exit status
CMakeFiles/cmTC_e2206.dir/build.make:97 : la recette pour la cible « cmTC_e2206 » a échouée
make[1]: *** [cmTC_e2206] Erreur 1
make[1] : on quitte le répertoire « /home/6im2/ejarcet/OpenGL/glTF-VIEWER-ROOT/gltf-viewer/CMakeFiles/CMakeTmp »
Makefile:126 : la recette pour la cible « cmTC_e2206/fast » a échouée
make: *** [cmTC_e2206/fast] Erreur 2


